{
  "RSpec": {
    "coverage": {
      "/Users/timrobinson/Desktop/Coding_Projects/Git_Projects/Makers/course/week-10/tech-tests/bank/spec/account_spec.rb": [
        1,
        null,
        1,
        8,
        4,
        2,
        null,
        2,
        2,
        null,
        1,
        1,
        null,
        null,
        1,
        1,
        null,
        null,
        1,
        1,
        null,
        null,
        1,
        1,
        null,
        null,
        1,
        1,
        null,
        null,
        1,
        1,
        1,
        1,
        null,
        null,
        1,
        1,
        1,
        1,
        null,
        null,
        1,
        1,
        1,
        1,
        1,
        null,
        null,
        null,
        1,
        1,
        1,
        1,
        null,
        null,
        1,
        1,
        1,
        null,
        null,
        1,
        2,
        null,
        null,
        null
      ],
      "/Users/timrobinson/Desktop/Coding_Projects/Git_Projects/Makers/course/week-10/tech-tests/bank/lib/account.rb": [
        1,
        1,
        1,
        null,
        null,
        1,
        1,
        null,
        1,
        14,
        14,
        14,
        null,
        null,
        1,
        7,
        7,
        null,
        null,
        1,
        5,
        3,
        3,
        null,
        null,
        1,
        12,
        null,
        null,
        1,
        null,
        1,
        5,
        null,
        null
      ],
      "/Users/timrobinson/Desktop/Coding_Projects/Git_Projects/Makers/course/week-10/tech-tests/bank/lib/deposit.rb": [
        null,
        1,
        1,
        null,
        1,
        11,
        11,
        11,
        null,
        null
      ],
      "/Users/timrobinson/Desktop/Coding_Projects/Git_Projects/Makers/course/week-10/tech-tests/bank/lib/withdrawal.rb": [
        null,
        1,
        1,
        null,
        1,
        7,
        7,
        7,
        null,
        null
      ],
      "/Users/timrobinson/Desktop/Coding_Projects/Git_Projects/Makers/course/week-10/tech-tests/bank/lib/printer.rb": [
        1,
        null
      ],
      "/Users/timrobinson/Desktop/Coding_Projects/Git_Projects/Makers/course/week-10/tech-tests/bank/spec/deposit_spec.rb": [
        1,
        null,
        1,
        4,
        null,
        2,
        null,
        1,
        1,
        null,
        null,
        1,
        1,
        1,
        null,
        null,
        1,
        1,
        null,
        null
      ],
      "/Users/timrobinson/Desktop/Coding_Projects/Git_Projects/Makers/course/week-10/tech-tests/bank/spec/features/account_usage_spec.rb": [
        1,
        null,
        1,
        1,
        1,
        1,
        1,
        1,
        1,
        1,
        null,
        null,
        1,
        1,
        1,
        1,
        1,
        null,
        null,
        1,
        1,
        1,
        1,
        1,
        null,
        null,
        1,
        1,
        1,
        null,
        null,
        1,
        2,
        1,
        null,
        null,
        1,
        1,
        1,
        1,
        null,
        null,
        1,
        1,
        1,
        1,
        null,
        null
      ],
      "/Users/timrobinson/Desktop/Coding_Projects/Git_Projects/Makers/course/week-10/tech-tests/bank/spec/printer_spec.rb": [
        1,
        null,
        1,
        2,
        null
      ],
      "/Users/timrobinson/Desktop/Coding_Projects/Git_Projects/Makers/course/week-10/tech-tests/bank/spec/withdrawal_spec.rb": [
        1,
        null,
        1,
        4,
        null,
        2,
        null,
        1,
        1,
        null,
        null,
        1,
        1,
        1,
        null,
        null,
        1,
        1,
        null,
        null
      ]
    },
    "timestamp": 1497268425
  }
}
