{
  "RSpec": {
    "coverage": {
      "/Users/timrobinson/Desktop/Coding_Projects/Git_Projects/Makers/course/week-10/tech-tests/bank/spec/account_spec.rb": [
        1,
        null,
        1,
        6,
        2,
        2,
        null,
        2,
        2,
        null,
        1,
        1,
        null,
        null,
        1,
        1,
        null,
        null,
        1,
        1,
        null,
        null,
        1,
        1,
        null,
        null,
        1,
        1,
        null,
        null,
        1,
        1,
        1,
        1,
        null,
        null,
        1,
        1,
        1,
        1,
        null,
        null,
        null
      ],
      "/Users/timrobinson/Desktop/Coding_Projects/Git_Projects/Makers/course/week-10/tech-tests/bank/lib/account.rb": [
        1,
        null,
        null,
        1,
        1,
        null,
        1,
        9,
        9,
        9,
        null,
        null,
        1,
        3,
        3,
        null,
        null,
        1,
        5,
        null,
        null
      ],
      "/Users/timrobinson/Desktop/Coding_Projects/Git_Projects/Makers/course/week-10/tech-tests/bank/lib/deposit.rb": [
        1,
        1,
        4,
        null,
        null
      ],
      "/Users/timrobinson/Desktop/Coding_Projects/Git_Projects/Makers/course/week-10/tech-tests/bank/spec/deposit_spec.rb": [
        1,
        null,
        1,
        1,
        null,
        2,
        null
      ],
      "/Users/timrobinson/Desktop/Coding_Projects/Git_Projects/Makers/course/week-10/tech-tests/bank/spec/printer_spec.rb": [
        1,
        null,
        1,
        2,
        null
      ],
      "/Users/timrobinson/Desktop/Coding_Projects/Git_Projects/Makers/course/week-10/tech-tests/bank/lib/printer.rb": [
        1,
        null
      ],
      "/Users/timrobinson/Desktop/Coding_Projects/Git_Projects/Makers/course/week-10/tech-tests/bank/spec/withdrawal_spec.rb": [

      ]
    },
    "timestamp": 1497263945
  }
}
